[debug] [2026-01-01T13:14:32.451Z] ----------------------------------------------------------------------
[debug] [2026-01-01T13:14:32.455Z] Command:       C:\Program Files\nodejs\node.exe C:\Users\balaj\AppData\Roaming\npm\node_modules\firebase-tools\lib\bin\firebase.js deploy --only hosting --debug
[debug] [2026-01-01T13:14:32.455Z] CLI Version:   14.11.1
[debug] [2026-01-01T13:14:32.455Z] Platform:      win32
[debug] [2026-01-01T13:14:32.456Z] Node Version:  v24.4.1
[debug] [2026-01-01T13:14:32.456Z] Time:          Thu Jan 01 2026 18:44:32 GMT+0530 (India Standard Time)
[debug] [2026-01-01T13:14:32.456Z] ----------------------------------------------------------------------
[debug] 
[debug] [2026-01-01T13:14:32.658Z] > command requires scopes: ["email","openid","https://www.googleapis.com/auth/cloudplatformprojects.readonly","https://www.googleapis.com/auth/firebase","https://www.googleapis.com/auth/cloud-platform"]
[debug] [2026-01-01T13:14:32.659Z] > authorizing via signed-in user (sahithya26012004@gmail.com)
[debug] [2026-01-01T13:14:32.660Z] [iam] checking project mannisahithya for permissions ["firebase.projects.get","firebasehosting.sites.update"]
[debug] [2026-01-01T13:14:32.662Z] Checked if tokens are valid: true, expires at: 1767276723078
[debug] [2026-01-01T13:14:32.663Z] Checked if tokens are valid: true, expires at: 1767276723078
[debug] [2026-01-01T13:14:32.665Z] >>> [apiv2][query] POST https://cloudresourcemanager.googleapis.com/v1/projects/mannisahithya:testIamPermissions [none]
[debug] [2026-01-01T13:14:32.665Z] >>> [apiv2][(partial)header] POST https://cloudresourcemanager.googleapis.com/v1/projects/mannisahithya:testIamPermissions x-goog-quota-user=projects/mannisahithya
[debug] [2026-01-01T13:14:32.666Z] >>> [apiv2][body] POST https://cloudresourcemanager.googleapis.com/v1/projects/mannisahithya:testIamPermissions {"permissions":["firebase.projects.get","firebasehosting.sites.update"]}
[debug] [2026-01-01T13:14:34.453Z] <<< [apiv2][status] POST https://cloudresourcemanager.googleapis.com/v1/projects/mannisahithya:testIamPermissions 200
[debug] [2026-01-01T13:14:34.454Z] <<< [apiv2][body] POST https://cloudresourcemanager.googleapis.com/v1/projects/mannisahithya:testIamPermissions {"permissions":["firebase.projects.get","firebasehosting.sites.update"]}
[debug] [2026-01-01T13:14:34.456Z] Checked if tokens are valid: true, expires at: 1767276723078
[debug] [2026-01-01T13:14:34.456Z] Checked if tokens are valid: true, expires at: 1767276723078
[debug] [2026-01-01T13:14:34.457Z] >>> [apiv2][query] GET https://firebase.googleapis.com/v1beta1/projects/mannisahithya [none]
[debug] [2026-01-01T13:14:34.943Z] <<< [apiv2][status] GET https://firebase.googleapis.com/v1beta1/projects/mannisahithya 200
[debug] [2026-01-01T13:14:34.944Z] <<< [apiv2][body] GET https://firebase.googleapis.com/v1beta1/projects/mannisahithya {"projectId":"mannisahithya","projectNumber":"529687457246","displayName":"mannisahithya","name":"projects/mannisahithya","resources":{"hostingSite":"mannisahithya"},"state":"ACTIVE","etag":"1_ed12812a-a8b5-4614-88cc-56c498fcfae8"}
[info] 
[info] === Deploying to 'mannisahithya'...
[info] 
[info] i  deploying hosting 
[debug] [2026-01-01T13:14:34.958Z] Checked if tokens are valid: true, expires at: 1767276723078
[debug] [2026-01-01T13:14:34.958Z] Checked if tokens are valid: true, expires at: 1767276723078
[debug] [2026-01-01T13:14:34.959Z] >>> [apiv2][query] POST https://firebasehosting.googleapis.com/v1beta1/projects/-/sites/mannisahithya/versions [none]
[debug] [2026-01-01T13:14:34.959Z] >>> [apiv2][body] POST https://firebasehosting.googleapis.com/v1beta1/projects/-/sites/mannisahithya/versions {"status":"CREATED","labels":{"deployment-tool":"cli-firebase"}}
[debug] [2026-01-01T13:14:36.985Z] <<< [apiv2][status] POST https://firebasehosting.googleapis.com/v1beta1/projects/-/sites/mannisahithya/versions 200
[debug] [2026-01-01T13:14:36.986Z] <<< [apiv2][body] POST https://firebasehosting.googleapis.com/v1beta1/projects/-/sites/mannisahithya/versions {"name":"projects/529687457246/sites/mannisahithya/versions/bb51a40de9ad8f8b","status":"CREATED","config":{},"labels":{"deployment-tool":"cli-firebase"}}
[info] i  hosting[mannisahithya]: beginning deploy... 
[info] i  hosting[mannisahithya]: found 22 files in dist/portfolio 
[debug] [2026-01-01T13:14:37.014Z] [hosting] uploading with 200 concurrency
[debug] [2026-01-01T13:14:37.015Z] [hosting] hash cache [ZGlzdFxwb3J0Zm9saW8] not populated
[debug] [2026-01-01T13:14:39.006Z] Checked if tokens are valid: true, expires at: 1767276723078
[debug] [2026-01-01T13:14:39.007Z] Checked if tokens are valid: true, expires at: 1767276723078
[debug] [2026-01-01T13:14:39.010Z] [hosting] hash cache [ZGlzdFxwb3J0Zm9saW8] stored for 22 files
[debug] [2026-01-01T13:14:39.011Z] [hosting][hash queue][FINAL] {"max":1982,"min":23,"avg":205.5,"active":0,"complete":22,"success":22,"errored":0,"retried":0,"total":22,"elapsed":1995}
[debug] [2026-01-01T13:14:39.013Z] >>> [apiv2][query] POST https://firebasehosting.googleapis.com/v1beta1/projects/529687457246/sites/mannisahithya/versions/bb51a40de9ad8f8b:populateFiles [none]
[debug] [2026-01-01T13:14:39.014Z] >>> [apiv2][body] POST https://firebasehosting.googleapis.com/v1beta1/projects/529687457246/sites/mannisahithya/versions/bb51a40de9ad8f8b:populateFiles {"files":{"/lightbg.9e3a0e1501092c63.avif":"0ee1521b57848a9fa188c1860e32d5548709e35de09590db23aa003e2ff9c37d","/polyfills.244dccd0c55b698c.js":"b6324a8798a14614e1441faae659a03c5d1f0d102ca485b58a872b52430f361f","/index.html":"4ec525ba16e443957bff7177c5ad511ac2388e9a819065c66b9c573ae9c68da8","/runtime.5134939e781878a4.js":"40ad6e77ad597a41cbed7c1f367d5a440c997100ad4c09c47e98d27a5259df22","/darkbg.9c8f262e2a2abc2a.jpg":"b0374b82bf35969a44ab08906b78962d79060e00656f3f62c4b938566e23787c","/scripts.68ed26d13e2edc19.js":"ca4d1ae4e4993761a7e30dd1d420c0e1d97932662c81e4784e04d46dc9f03924","/3rdpartylicenses.txt":"57fa7daa1058ae0e6c327fe32c37df04d029fa45f72897da31eb64230ea6cd12","/fa-v4compatibility.25cfd40cb64ecf7c.woff2":"f7bfffa4b36d1fab8f377552f6acab93e4280fc7e99d144b15d1aab89484365b","/assets/lightbg.avif":"0ee1521b57848a9fa188c1860e32d5548709e35de09590db23aa003e2ff9c37d","/fa-regular-400.47469621ae437987.woff2":"251e2ea03fd22f0f4416a20d49311d6a3d20ac1327309d42607c714e8372abaa","/assets/darkbg.jpg":"b0374b82bf35969a44ab08906b78962d79060e00656f3f62c4b938566e23787c","/assets/sahi_resume.pdf":"4e41e7f7f8883aeb11500db80747177a2acc4c953a400a618ad2012a5ff090c7","/fa-solid-900.174bea58d33b35a5.woff2":"ae65f450799424fbcd3e877b83036bf7001a30d6448a3a8775867072276ce475","/assets/profile.jpeg":"a1d1becdff0dd0b956865509713025212229bda9938b35728d322f0d0da555cb","/fa-brands-400.b56d441c57a13e5a.woff2":"f62ec203278c2eed11deea9b2a8441e26ffaeb0777a1bb58f93d6ce4fd6aa869","/favicon.ico":"c034ebadcabb8af8a8b674df622b8cc576e63cbf8707253c939928f7f1620ccd","/main.883d80cf2b775432.js":"6a03eea61c03847093daaba62bd0272160383e4f8e54e265ee10cba57bba8be2","/styles.2763eef1f9872d83.css":"c7d001aa5d3f411fa2a6c898cb9c96a56c10c1cb3bc6117c2f4c69b81e018498","/assets/elso.mp4":"c280b550a44a5787b43da5e601230603265c56191f24ec27f67dee6118f28365","/assets/rssi.mp4":"554b97b07e03145571b6e6691ef80b4e6f96f3f351f48027c3517ca759274ed9","/assets/bookstore.mp4":"1e7a10ac358000c2adf35f11051f620a8a57d78f85183aa3f764805cb580520e","/assets/shopline.mp4":"985f066658545992752b673906b0732e70b57703cd7f5a4ea1a31bf6dd14cc37"}}
[info] i  hosting: adding files to version [0/22] (0%) 
[debug] [2026-01-01T13:14:39.475Z] <<< [apiv2][status] POST https://firebasehosting.googleapis.com/v1beta1/projects/529687457246/sites/mannisahithya/versions/bb51a40de9ad8f8b:populateFiles 200
[debug] [2026-01-01T13:14:39.476Z] <<< [apiv2][body] POST https://firebasehosting.googleapis.com/v1beta1/projects/529687457246/sites/mannisahithya/versions/bb51a40de9ad8f8b:populateFiles {"uploadRequiredHashes":["c280b550a44a5787b43da5e601230603265c56191f24ec27f67dee6118f28365","1e7a10ac358000c2adf35f11051f620a8a57d78f85183aa3f764805cb580520e","985f066658545992752b673906b0732e70b57703cd7f5a4ea1a31bf6dd14cc37","4e41e7f7f8883aeb11500db80747177a2acc4c953a400a618ad2012a5ff090c7","554b97b07e03145571b6e6691ef80b4e6f96f3f351f48027c3517ca759274ed9","a1d1becdff0dd0b956865509713025212229bda9938b35728d322f0d0da555cb","c034ebadcabb8af8a8b674df622b8cc576e63cbf8707253c939928f7f1620ccd"],"uploadUrl":"https://upload-firebasehosting.googleapis.com/upload/sites/mannisahithya/versions/bb51a40de9ad8f8b/files"}
[debug] [2026-01-01T13:14:39.480Z] Checked if tokens are valid: true, expires at: 1767276723078
[debug] [2026-01-01T13:14:39.480Z] Checked if tokens are valid: true, expires at: 1767276723078
[debug] [2026-01-01T13:14:39.481Z] Checked if tokens are valid: true, expires at: 1767276723078
[debug] [2026-01-01T13:14:39.481Z] Checked if tokens are valid: true, expires at: 1767276723078
[debug] [2026-01-01T13:14:39.482Z] Checked if tokens are valid: true, expires at: 1767276723078
[debug] [2026-01-01T13:14:39.482Z] Checked if tokens are valid: true, expires at: 1767276723078
[debug] [2026-01-01T13:14:39.483Z] Checked if tokens are valid: true, expires at: 1767276723078
[debug] [2026-01-01T13:14:39.483Z] Checked if tokens are valid: true, expires at: 1767276723078
[debug] [2026-01-01T13:14:39.484Z] Checked if tokens are valid: true, expires at: 1767276723078
[debug] [2026-01-01T13:14:39.484Z] Checked if tokens are valid: true, expires at: 1767276723078
[debug] [2026-01-01T13:14:39.485Z] Checked if tokens are valid: true, expires at: 1767276723078
[debug] [2026-01-01T13:14:39.485Z] Checked if tokens are valid: true, expires at: 1767276723078
[debug] [2026-01-01T13:14:39.486Z] Checked if tokens are valid: true, expires at: 1767276723078
[debug] [2026-01-01T13:14:39.486Z] Checked if tokens are valid: true, expires at: 1767276723078
[debug] [2026-01-01T13:14:39.488Z] >>> [apiv2][query] POST https://upload-firebasehosting.googleapis.com/upload/sites/mannisahithya/versions/bb51a40de9ad8f8b/files/c280b550a44a5787b43da5e601230603265c56191f24ec27f67dee6118f28365 [none]
[debug] [2026-01-01T13:14:39.489Z] >>> [apiv2][body] POST https://upload-firebasehosting.googleapis.com/upload/sites/mannisahithya/versions/bb51a40de9ad8f8b/files/c280b550a44a5787b43da5e601230603265c56191f24ec27f67dee6118f28365 [stream]
[debug] [2026-01-01T13:14:39.493Z] >>> [apiv2][query] POST https://upload-firebasehosting.googleapis.com/upload/sites/mannisahithya/versions/bb51a40de9ad8f8b/files/1e7a10ac358000c2adf35f11051f620a8a57d78f85183aa3f764805cb580520e [none]
[debug] [2026-01-01T13:14:39.494Z] >>> [apiv2][body] POST https://upload-firebasehosting.googleapis.com/upload/sites/mannisahithya/versions/bb51a40de9ad8f8b/files/1e7a10ac358000c2adf35f11051f620a8a57d78f85183aa3f764805cb580520e [stream]
[debug] [2026-01-01T13:14:39.495Z] >>> [apiv2][query] POST https://upload-firebasehosting.googleapis.com/upload/sites/mannisahithya/versions/bb51a40de9ad8f8b/files/985f066658545992752b673906b0732e70b57703cd7f5a4ea1a31bf6dd14cc37 [none]
[debug] [2026-01-01T13:14:39.496Z] >>> [apiv2][body] POST https://upload-firebasehosting.googleapis.com/upload/sites/mannisahithya/versions/bb51a40de9ad8f8b/files/985f066658545992752b673906b0732e70b57703cd7f5a4ea1a31bf6dd14cc37 [stream]
[debug] [2026-01-01T13:14:39.497Z] >>> [apiv2][query] POST https://upload-firebasehosting.googleapis.com/upload/sites/mannisahithya/versions/bb51a40de9ad8f8b/files/4e41e7f7f8883aeb11500db80747177a2acc4c953a400a618ad2012a5ff090c7 [none]
[debug] [2026-01-01T13:14:39.497Z] >>> [apiv2][body] POST https://upload-firebasehosting.googleapis.com/upload/sites/mannisahithya/versions/bb51a40de9ad8f8b/files/4e41e7f7f8883aeb11500db80747177a2acc4c953a400a618ad2012a5ff090c7 [stream]
[debug] [2026-01-01T13:14:39.499Z] >>> [apiv2][query] POST https://upload-firebasehosting.googleapis.com/upload/sites/mannisahithya/versions/bb51a40de9ad8f8b/files/554b97b07e03145571b6e6691ef80b4e6f96f3f351f48027c3517ca759274ed9 [none]
[debug] [2026-01-01T13:14:39.499Z] >>> [apiv2][body] POST https://upload-firebasehosting.googleapis.com/upload/sites/mannisahithya/versions/bb51a40de9ad8f8b/files/554b97b07e03145571b6e6691ef80b4e6f96f3f351f48027c3517ca759274ed9 [stream]
[debug] [2026-01-01T13:14:39.501Z] >>> [apiv2][query] POST https://upload-firebasehosting.googleapis.com/upload/sites/mannisahithya/versions/bb51a40de9ad8f8b/files/a1d1becdff0dd0b956865509713025212229bda9938b35728d322f0d0da555cb [none]
[debug] [2026-01-01T13:14:39.501Z] >>> [apiv2][body] POST https://upload-firebasehosting.googleapis.com/upload/sites/mannisahithya/versions/bb51a40de9ad8f8b/files/a1d1becdff0dd0b956865509713025212229bda9938b35728d322f0d0da555cb [stream]
[debug] [2026-01-01T13:14:39.505Z] >>> [apiv2][query] POST https://upload-firebasehosting.googleapis.com/upload/sites/mannisahithya/versions/bb51a40de9ad8f8b/files/c034ebadcabb8af8a8b674df622b8cc576e63cbf8707253c939928f7f1620ccd [none]
[debug] [2026-01-01T13:14:39.506Z] >>> [apiv2][body] POST https://upload-firebasehosting.googleapis.com/upload/sites/mannisahithya/versions/bb51a40de9ad8f8b/files/c034ebadcabb8af8a8b674df622b8cc576e63cbf8707253c939928f7f1620ccd [stream]
[debug] [2026-01-01T13:14:39.508Z] [hosting][populate queue][FINAL] {"max":481,"min":481,"avg":481,"active":0,"complete":1,"success":1,"errored":0,"retried":0,"total":1,"elapsed":502}
[debug] [2026-01-01T13:14:39.508Z] [hosting] uploads queued: 7
[info] i  hosting: uploading new files [0/7] (0%) 
[debug] [2026-01-01T13:14:41.524Z] <<< [apiv2][status] POST https://upload-firebasehosting.googleapis.com/upload/sites/mannisahithya/versions/bb51a40de9ad8f8b/files/c034ebadcabb8af8a8b674df622b8cc576e63cbf8707253c939928f7f1620ccd 200
[debug] [2026-01-01T13:14:41.524Z] <<< [apiv2][body] POST https://upload-firebasehosting.googleapis.com/upload/sites/mannisahithya/versions/bb51a40de9ad8f8b/files/c034ebadcabb8af8a8b674df622b8cc576e63cbf8707253c939928f7f1620ccd [stream]
[debug] [2026-01-01T13:14:41.529Z] <<< [apiv2][status] POST https://upload-firebasehosting.googleapis.com/upload/sites/mannisahithya/versions/bb51a40de9ad8f8b/files/a1d1becdff0dd0b956865509713025212229bda9938b35728d322f0d0da555cb 200
[debug] [2026-01-01T13:14:41.529Z] <<< [apiv2][body] POST https://upload-firebasehosting.googleapis.com/upload/sites/mannisahithya/versions/bb51a40de9ad8f8b/files/a1d1becdff0dd0b956865509713025212229bda9938b35728d322f0d0da555cb [stream]
[debug] [2026-01-01T13:14:42.072Z] <<< [apiv2][status] POST https://upload-firebasehosting.googleapis.com/upload/sites/mannisahithya/versions/bb51a40de9ad8f8b/files/4e41e7f7f8883aeb11500db80747177a2acc4c953a400a618ad2012a5ff090c7 200
[debug] [2026-01-01T13:14:42.073Z] <<< [apiv2][body] POST https://upload-firebasehosting.googleapis.com/upload/sites/mannisahithya/versions/bb51a40de9ad8f8b/files/4e41e7f7f8883aeb11500db80747177a2acc4c953a400a618ad2012a5ff090c7 [stream]
[debug] [2026-01-01T13:14:42.825Z] <<< [apiv2][status] POST https://upload-firebasehosting.googleapis.com/upload/sites/mannisahithya/versions/bb51a40de9ad8f8b/files/c280b550a44a5787b43da5e601230603265c56191f24ec27f67dee6118f28365 200
[debug] [2026-01-01T13:14:42.827Z] <<< [apiv2][body] POST https://upload-firebasehosting.googleapis.com/upload/sites/mannisahithya/versions/bb51a40de9ad8f8b/files/c280b550a44a5787b43da5e601230603265c56191f24ec27f67dee6118f28365 [stream]
[info] i  hosting: uploading new files [4/7] (57%) 
[info] i  hosting: uploading new files [4/7] (57%) 
[info] i  hosting: uploading new files [4/7] (57%) 
[info] i  hosting: uploading new files [4/7] (57%) 
[debug] [2026-01-01T13:14:49.299Z] <<< [apiv2][status] POST https://upload-firebasehosting.googleapis.com/upload/sites/mannisahithya/versions/bb51a40de9ad8f8b/files/554b97b07e03145571b6e6691ef80b4e6f96f3f351f48027c3517ca759274ed9 200
[debug] [2026-01-01T13:14:49.300Z] <<< [apiv2][body] POST https://upload-firebasehosting.googleapis.com/upload/sites/mannisahithya/versions/bb51a40de9ad8f8b/files/554b97b07e03145571b6e6691ef80b4e6f96f3f351f48027c3517ca759274ed9 [stream]
[debug] [2026-01-01T13:14:49.621Z] <<< [apiv2][status] POST https://upload-firebasehosting.googleapis.com/upload/sites/mannisahithya/versions/bb51a40de9ad8f8b/files/1e7a10ac358000c2adf35f11051f620a8a57d78f85183aa3f764805cb580520e 200
[debug] [2026-01-01T13:14:49.622Z] <<< [apiv2][body] POST https://upload-firebasehosting.googleapis.com/upload/sites/mannisahithya/versions/bb51a40de9ad8f8b/files/1e7a10ac358000c2adf35f11051f620a8a57d78f85183aa3f764805cb580520e [stream]
[info] i  hosting: uploading new files [6/7] (85%) 
[info] i  hosting: uploading new files [6/7] (85%) 
[debug] [2026-01-01T13:14:53.887Z] <<< [apiv2][status] POST https://upload-firebasehosting.googleapis.com/upload/sites/mannisahithya/versions/bb51a40de9ad8f8b/files/985f066658545992752b673906b0732e70b57703cd7f5a4ea1a31bf6dd14cc37 200
[debug] [2026-01-01T13:14:53.887Z] <<< [apiv2][body] POST https://upload-firebasehosting.googleapis.com/upload/sites/mannisahithya/versions/bb51a40de9ad8f8b/files/985f066658545992752b673906b0732e70b57703cd7f5a4ea1a31bf6dd14cc37 [stream]
[debug] [2026-01-01T13:14:53.888Z] [hosting][upload queue][FINAL] {"max":14406,"min":2039,"avg":6341.285714285715,"active":0,"complete":7,"success":7,"errored":0,"retried":0,"total":7,"elapsed":14411}
[info] i  hosting: upload complete 
[info] +  hosting[mannisahithya]: file upload complete 
[debug] [2026-01-01T13:14:53.889Z] [hosting] deploy completed after 16896ms
[debug] [2026-01-01T13:14:53.889Z] [
  {
    "config": {
      "public": "dist/portfolio",
      "ignore": [
        "firebase.json",
        "**/.*",
        "**/node_modules/**"
      ],
      "rewrites": [
        {
          "source": "**",
          "destination": "/index.html"
        }
      ],
      "site": "mannisahithya"
    },
    "version": "projects/529687457246/sites/mannisahithya/versions/bb51a40de9ad8f8b"
  }
]
[info] i  hosting[mannisahithya]: finalizing version... 
[debug] [2026-01-01T13:14:53.892Z] Checked if tokens are valid: true, expires at: 1767276723078
[debug] [2026-01-01T13:14:53.893Z] Checked if tokens are valid: true, expires at: 1767276723078
[debug] [2026-01-01T13:14:53.894Z] >>> [apiv2][query] PATCH https://firebasehosting.googleapis.com/v1beta1/projects/-/sites/mannisahithya/versions/bb51a40de9ad8f8b updateMask=status%2Cconfig
[debug] [2026-01-01T13:14:53.895Z] >>> [apiv2][body] PATCH https://firebasehosting.googleapis.com/v1beta1/projects/-/sites/mannisahithya/versions/bb51a40de9ad8f8b {"status":"FINALIZED","config":{"rewrites":[{"glob":"**","path":"/index.html"}]}}
[debug] [2026-01-01T13:14:55.431Z] <<< [apiv2][status] PATCH https://firebasehosting.googleapis.com/v1beta1/projects/-/sites/mannisahithya/versions/bb51a40de9ad8f8b 200
[debug] [2026-01-01T13:14:55.432Z] <<< [apiv2][body] PATCH https://firebasehosting.googleapis.com/v1beta1/projects/-/sites/mannisahithya/versions/bb51a40de9ad8f8b {"name":"projects/529687457246/sites/mannisahithya/versions/bb51a40de9ad8f8b","status":"FINALIZED","config":{"rewrites":[{"glob":"**","path":"/index.html"}]},"labels":{"deployment-tool":"cli-firebase"},"createTime":"2026-01-01T13:14:37.213241Z","createUser":{"email":"sahithya26012004@gmail.com"},"finalizeTime":"2026-01-01T13:14:55.847093Z","finalizeUser":{"email":"sahithya26012004@gmail.com"}}
[debug] [2026-01-01T13:14:55.433Z] [hosting] finalized version for mannisahithya:[object Object]
[info] +  hosting[mannisahithya]: version finalized 
[info] i  hosting[mannisahithya]: releasing new version... 
[debug] [2026-01-01T13:14:55.435Z] Checked if tokens are valid: true, expires at: 1767276723078
[debug] [2026-01-01T13:14:55.435Z] Checked if tokens are valid: true, expires at: 1767276723078
[debug] [2026-01-01T13:14:55.436Z] >>> [apiv2][query] POST https://firebasehosting.googleapis.com/v1beta1/projects/-/sites/mannisahithya/channels/live/releases versionName=projects%2F529687457246%2Fsites%2Fmannisahithya%2Fversions%2Fbb51a40de9ad8f8b
[debug] [2026-01-01T13:14:55.437Z] >>> [apiv2][body] POST https://firebasehosting.googleapis.com/v1beta1/projects/-/sites/mannisahithya/channels/live/releases {}
[debug] [2026-01-01T13:14:55.814Z] <<< [apiv2][status] POST https://firebasehosting.googleapis.com/v1beta1/projects/-/sites/mannisahithya/channels/live/releases 200
[debug] [2026-01-01T13:14:55.814Z] <<< [apiv2][body] POST https://firebasehosting.googleapis.com/v1beta1/projects/-/sites/mannisahithya/channels/live/releases {"name":"projects/529687457246/sites/mannisahithya/channels/live/releases/1767273295686000","version":{"name":"projects/529687457246/sites/mannisahithya/versions/bb51a40de9ad8f8b","status":"FINALIZED","config":{"rewrites":[{"glob":"**","path":"/index.html"}]},"labels":{"deployment-tool":"cli-firebase"},"createTime":"2026-01-01T13:14:37.213241Z","createUser":{"email":"sahithya26012004@gmail.com","imageUrl":"https://lh3.googleusercontent.com/a/ACg8ocKWVONuuCmEyK7L3AGo01AyFRoSdgcbvTN4_AcCxy9NcVRtkR5E"},"finalizeTime":"2026-01-01T13:14:55.847093Z","finalizeUser":{"email":"sahithya26012004@gmail.com","imageUrl":"https://lh3.googleusercontent.com/a/ACg8ocKWVONuuCmEyK7L3AGo01AyFRoSdgcbvTN4_AcCxy9NcVRtkR5E"}},"type":"DEPLOY","releaseTime":"2026-01-01T13:14:55.686Z","releaseUser":{"email":"sahithya26012004@gmail.com","imageUrl":"https://lh3.googleusercontent.com/a/ACg8ocKWVONuuCmEyK7L3AGo01AyFRoSdgcbvTN4_AcCxy9NcVRtkR5E"}}
[debug] [2026-01-01T13:14:55.815Z] [hosting] release: {"name":"projects/529687457246/sites/mannisahithya/channels/live/releases/1767273295686000","version":{"name":"projects/529687457246/sites/mannisahithya/versions/bb51a40de9ad8f8b","status":"FINALIZED","config":{"rewrites":[{"glob":"**","path":"/index.html"}]},"labels":{"deployment-tool":"cli-firebase"},"createTime":"2026-01-01T13:14:37.213241Z","createUser":{"email":"sahithya26012004@gmail.com","imageUrl":"https://lh3.googleusercontent.com/a/ACg8ocKWVONuuCmEyK7L3AGo01AyFRoSdgcbvTN4_AcCxy9NcVRtkR5E"},"finalizeTime":"2026-01-01T13:14:55.847093Z","finalizeUser":{"email":"sahithya26012004@gmail.com","imageUrl":"https://lh3.googleusercontent.com/a/ACg8ocKWVONuuCmEyK7L3AGo01AyFRoSdgcbvTN4_AcCxy9NcVRtkR5E"}},"type":"DEPLOY","releaseTime":"2026-01-01T13:14:55.686Z","releaseUser":{"email":"sahithya26012004@gmail.com","imageUrl":"https://lh3.googleusercontent.com/a/ACg8ocKWVONuuCmEyK7L3AGo01AyFRoSdgcbvTN4_AcCxy9NcVRtkR5E"}}
[info] +  hosting[mannisahithya]: release complete 
[info] 
[info] +  Deploy complete! 
[info] 
[info] Project Console: https://console.firebase.google.com/project/mannisahithya/overview
[info] Hosting URL: https://mannisahithya.web.app
